Arguments: 
  /usr/bin/node /usr/bin/yarn

PATH: 
  /usr/local/bin:/usr/bin:/bin:/usr/local/games:/usr/games:/snap/bin

Yarn version: 
  1.22.19

Node version: 
  18.15.0

Platform: 
  linux x64

Trace: 
  Error: getaddrinfo ENOTFOUND registry.yarnpkg.com
      at GetAddrInfoReqWrap.onlookup [as oncomplete] (node:dns:107:26)

npm manifest: 
  {
    "name": "project-management-webapp",
    "version": "1.0.0",
    "main": "index.js",
    "license": "MIT",
    "type": "module",
    "dependencies": {
      "@sendgrid/mail": "^7.7.0",
      "babel-jest": "^29.5.0",
      "bcrypt": "^5.1.0",
      "cors": "^2.8.5",
      "dotenv": "^16.0.3",
      "express": "^4.18.2",
      "express-graphql": "^0.12.0",
      "graphql": "^16.6.0",
      "jest": "^29.5.0",
      "joi": "^17.9.1",
      "jsonwebtoken": "^9.0.0",
      "node-appwrite": "^9.0.0",
      "nodemailer": "^6.9.1",
      "pg": "^8.9.0",
      "pg-hstore": "^2.3.4",
      "sequelize": "^6.29.0",
      "sequelize-cli": "^6.6.0"
    },
    "scripts": {
      "dev": "nodemon -L app.js",
      "start": "node app.js",
      "test": "jest"
    },
    "devDependencies": {
      "@babel/plugin-transform-modules-commonjs": "^7.21.2",
      "@babel/preset-env": "^7.21.4",
      "colors": "^1.4.0",
      "easygraphql-tester": "^6.0.1",
      "eslint-plugin-graphql": "^4.0.0",
      "graphql-schema-linter": "^3.0.1",
      "nodemon": "^2.0.20"
    }
  }

yarn manifest: 
  No manifest

Lockfile: 
  No lockfile
